[10-Apr-2017 03:38:59 UTC] PHP Warning:  require(/home/ubuntu/workspace/NS3/NodeStar/src/vendor/autoload.php): failed to open stream: No such file or directory in /home/ubuntu/workspace/NS3/NodeStar/src/index.php on line 8
[10-Apr-2017 03:38:59 UTC] PHP Stack trace:
[10-Apr-2017 03:38:59 UTC] PHP   1. {main}() /home/ubuntu/workspace/NS3/NodeStar/src/index.php:0
[10-Apr-2017 03:38:59 UTC] PHP Fatal error:  require(): Failed opening required '/home/ubuntu/workspace/NS3/NodeStar/src/vendor/autoload.php' (include_path='.:/usr/share/php:/usr/share/pear') in /home/ubuntu/workspace/NS3/NodeStar/src/index.php on line 8
[10-Apr-2017 03:38:59 UTC] PHP Stack trace:
[10-Apr-2017 03:38:59 UTC] PHP   1. {main}() /home/ubuntu/workspace/NS3/NodeStar/src/index.php:0
[10-Apr-2017 03:40:23 UTC] PHP Warning:  require(/home/ubuntu/workspace/NS3/NodeStar/src/vendor/autoload.php): failed to open stream: No such file or directory in /home/ubuntu/workspace/NS3/NodeStar/src/index.php on line 8
[10-Apr-2017 03:40:23 UTC] PHP Stack trace:
[10-Apr-2017 03:40:23 UTC] PHP   1. {main}() /home/ubuntu/workspace/NS3/NodeStar/src/index.php:0
[10-Apr-2017 03:40:23 UTC] PHP Fatal error:  require(): Failed opening required '/home/ubuntu/workspace/NS3/NodeStar/src/vendor/autoload.php' (include_path='.:/usr/share/php:/usr/share/pear') in /home/ubuntu/workspace/NS3/NodeStar/src/index.php on line 8
[10-Apr-2017 03:40:23 UTC] PHP Stack trace:
[10-Apr-2017 03:40:23 UTC] PHP   1. {main}() /home/ubuntu/workspace/NS3/NodeStar/src/index.php:0
[10-Apr-2017 15:57:26 UTC] PHP Warning:  require(/home/ubuntu/workspace/NS3/NodeStar/src/vendor/autoload.php): failed to open stream: No such file or directory in /home/ubuntu/workspace/NS3/NodeStar/src/index.php on line 8
[10-Apr-2017 15:57:26 UTC] PHP Stack trace:
[10-Apr-2017 15:57:26 UTC] PHP   1. {main}() /home/ubuntu/workspace/NS3/NodeStar/src/index.php:0
[10-Apr-2017 15:57:26 UTC] PHP Fatal error:  require(): Failed opening required '/home/ubuntu/workspace/NS3/NodeStar/src/vendor/autoload.php' (include_path='.:/usr/share/php:/usr/share/pear') in /home/ubuntu/workspace/NS3/NodeStar/src/index.php on line 8
[10-Apr-2017 15:57:26 UTC] PHP Stack trace:
[10-Apr-2017 15:57:26 UTC] PHP   1. {main}() /home/ubuntu/workspace/NS3/NodeStar/src/index.php:0
[21-Apr-2017 05:10:57 UTC] PHP Warning:  require(/home/ubuntu/workspace/NS4/NodeStar/src/vendor/autoload.php): failed to open stream: No such file or directory in /home/ubuntu/workspace/NS4/NodeStar/src/login.php on line 7
[21-Apr-2017 05:10:57 UTC] PHP Stack trace:
[21-Apr-2017 05:10:57 UTC] PHP   1. {main}() /home/ubuntu/workspace/NS4/NodeStar/src/index.php:0
[21-Apr-2017 05:10:57 UTC] PHP   2. include() /home/ubuntu/workspace/NS4/NodeStar/src/index.php:1
[21-Apr-2017 05:10:57 UTC] PHP Fatal error:  require(): Failed opening required '/home/ubuntu/workspace/NS4/NodeStar/src/vendor/autoload.php' (include_path='.:/usr/share/php:/usr/share/pear') in /home/ubuntu/workspace/NS4/NodeStar/src/login.php on line 7
[21-Apr-2017 05:10:57 UTC] PHP Stack trace:
[21-Apr-2017 05:10:57 UTC] PHP   1. {main}() /home/ubuntu/workspace/NS4/NodeStar/src/index.php:0
[21-Apr-2017 05:10:57 UTC] PHP   2. include() /home/ubuntu/workspace/NS4/NodeStar/src/index.php:1
[21-Apr-2017 05:11:32 UTC] PHP Warning:  require(/home/ubuntu/workspace/NS4/NodeStar/src/vendor/autoload.php): failed to open stream: No such file or directory in /home/ubuntu/workspace/NS4/NodeStar/src/login.php on line 7
[21-Apr-2017 05:11:32 UTC] PHP Stack trace:
[21-Apr-2017 05:11:32 UTC] PHP   1. {main}() /home/ubuntu/workspace/NS4/NodeStar/src/index.php:0
[21-Apr-2017 05:11:32 UTC] PHP   2. include() /home/ubuntu/workspace/NS4/NodeStar/src/index.php:1
[21-Apr-2017 05:11:32 UTC] PHP Fatal error:  require(): Failed opening required '/home/ubuntu/workspace/NS4/NodeStar/src/vendor/autoload.php' (include_path='.:/usr/share/php:/usr/share/pear') in /home/ubuntu/workspace/NS4/NodeStar/src/login.php on line 7
[21-Apr-2017 05:11:32 UTC] PHP Stack trace:
[21-Apr-2017 05:11:32 UTC] PHP   1. {main}() /home/ubuntu/workspace/NS4/NodeStar/src/index.php:0
[21-Apr-2017 05:11:32 UTC] PHP   2. include() /home/ubuntu/workspace/NS4/NodeStar/src/index.php:1
[21-Apr-2017 05:12:22 UTC] PHP Warning:  require(/home/ubuntu/workspace/NS4/NodeStar/src/vendor/autoload.php): failed to open stream: No such file or directory in /home/ubuntu/workspace/NS4/NodeStar/src/login.php on line 7
[21-Apr-2017 05:12:22 UTC] PHP Stack trace:
[21-Apr-2017 05:12:22 UTC] PHP   1. {main}() /home/ubuntu/workspace/NS4/NodeStar/src/index.php:0
[21-Apr-2017 05:12:22 UTC] PHP   2. include() /home/ubuntu/workspace/NS4/NodeStar/src/index.php:1
[21-Apr-2017 05:12:22 UTC] PHP Fatal error:  require(): Failed opening required '/home/ubuntu/workspace/NS4/NodeStar/src/vendor/autoload.php' (include_path='.:/usr/share/php:/usr/share/pear') in /home/ubuntu/workspace/NS4/NodeStar/src/login.php on line 7
[21-Apr-2017 05:12:22 UTC] PHP Stack trace:
[21-Apr-2017 05:12:22 UTC] PHP   1. {main}() /home/ubuntu/workspace/NS4/NodeStar/src/index.php:0
[21-Apr-2017 05:12:22 UTC] PHP   2. include() /home/ubuntu/workspace/NS4/NodeStar/src/index.php:1
[21-Apr-2017 05:13:50 UTC] PHP Warning:  require(/home/ubuntu/workspace/NS4/NodeStar/src/vendor/autoload.php): failed to open stream: No such file or directory in /home/ubuntu/workspace/NS4/NodeStar/src/login.php on line 7
[21-Apr-2017 05:13:50 UTC] PHP Stack trace:
[21-Apr-2017 05:13:50 UTC] PHP   1. {main}() /home/ubuntu/workspace/NS4/NodeStar/src/indo.php:0
[21-Apr-2017 05:13:50 UTC] PHP   2. include() /home/ubuntu/workspace/NS4/NodeStar/src/indo.php:1
[21-Apr-2017 05:13:50 UTC] PHP Fatal error:  require(): Failed opening required '/home/ubuntu/workspace/NS4/NodeStar/src/vendor/autoload.php' (include_path='.:/usr/share/php:/usr/share/pear') in /home/ubuntu/workspace/NS4/NodeStar/src/login.php on line 7
[21-Apr-2017 05:13:50 UTC] PHP Stack trace:
[21-Apr-2017 05:13:50 UTC] PHP   1. {main}() /home/ubuntu/workspace/NS4/NodeStar/src/indo.php:0
[21-Apr-2017 05:13:50 UTC] PHP   2. include() /home/ubuntu/workspace/NS4/NodeStar/src/indo.php:1
[21-Apr-2017 05:15:29 UTC] PHP Warning:  require(/home/ubuntu/workspace/NS4/NodeStar/src/vendor/autoload.php): failed to open stream: No such file or directory in /home/ubuntu/workspace/NS4/NodeStar/src/login.php on line 7
[21-Apr-2017 05:15:29 UTC] PHP Stack trace:
[21-Apr-2017 05:15:29 UTC] PHP   1. {main}() /home/ubuntu/workspace/NS4/NodeStar/src/index.php:0
[21-Apr-2017 05:15:29 UTC] PHP   2. include() /home/ubuntu/workspace/NS4/NodeStar/src/index.php:1
[21-Apr-2017 05:15:29 UTC] PHP Fatal error:  require(): Failed opening required '/home/ubuntu/workspace/NS4/NodeStar/src/vendor/autoload.php' (include_path='.:/usr/share/php:/usr/share/pear') in /home/ubuntu/workspace/NS4/NodeStar/src/login.php on line 7
[21-Apr-2017 05:15:29 UTC] PHP Stack trace:
[21-Apr-2017 05:15:29 UTC] PHP   1. {main}() /home/ubuntu/workspace/NS4/NodeStar/src/index.php:0
[21-Apr-2017 05:15:29 UTC] PHP   2. include() /home/ubuntu/workspace/NS4/NodeStar/src/index.php:1
[21-Apr-2017 05:18:17 UTC] PHP Warning:  require(/home/ubuntu/workspace/NS4/NodeStar/src/vendor/autoload.php): failed to open stream: No such file or directory in /home/ubuntu/workspace/NS4/NodeStar/src/login.php on line 7
[21-Apr-2017 05:18:17 UTC] PHP Stack trace:
[21-Apr-2017 05:18:17 UTC] PHP   1. {main}() /home/ubuntu/workspace/NS4/NodeStar/src/index.php:0
[21-Apr-2017 05:18:17 UTC] PHP   2. include() /home/ubuntu/workspace/NS4/NodeStar/src/index.php:1
[21-Apr-2017 05:18:17 UTC] PHP Fatal error:  require(): Failed opening required '/home/ubuntu/workspace/NS4/NodeStar/src/vendor/autoload.php' (include_path='.:/usr/share/php:/usr/share/pear') in /home/ubuntu/workspace/NS4/NodeStar/src/login.php on line 7
[21-Apr-2017 05:18:17 UTC] PHP Stack trace:
[21-Apr-2017 05:18:17 UTC] PHP   1. {main}() /home/ubuntu/workspace/NS4/NodeStar/src/index.php:0
[21-Apr-2017 05:18:17 UTC] PHP   2. include() /home/ubuntu/workspace/NS4/NodeStar/src/index.php:1
[21-Apr-2017 05:20:19 UTC] PHP Parse error:  syntax error, unexpected '}' in /home/ubuntu/workspace/NS4/NodeStar/src/login.php on line 34
[21-Apr-2017 05:20:19 UTC] PHP Stack trace:
[21-Apr-2017 05:20:19 UTC] PHP   1. {main}() /home/ubuntu/workspace/NS4/NodeStar/src/index.php:0
[21-Apr-2017 06:26:52 UTC] PHP Warning:  require(/home/ubuntu/workspace/NS4/NodeStar/src/vendor/autoload.php): failed to open stream: No such file or directory in /home/ubuntu/workspace/NS4/NodeStar/src/login.php on line 7
[21-Apr-2017 06:26:52 UTC] PHP Stack trace:
[21-Apr-2017 06:26:52 UTC] PHP   1. {main}() /home/ubuntu/workspace/NS4/NodeStar/src/index.php:0
[21-Apr-2017 06:26:52 UTC] PHP   2. include() /home/ubuntu/workspace/NS4/NodeStar/src/index.php:1
[21-Apr-2017 06:26:52 UTC] PHP Fatal error:  require(): Failed opening required '/home/ubuntu/workspace/NS4/NodeStar/src/vendor/autoload.php' (include_path='.:/usr/share/php:/usr/share/pear') in /home/ubuntu/workspace/NS4/NodeStar/src/login.php on line 7
[21-Apr-2017 06:26:52 UTC] PHP Stack trace:
[21-Apr-2017 06:26:52 UTC] PHP   1. {main}() /home/ubuntu/workspace/NS4/NodeStar/src/index.php:0
[21-Apr-2017 06:26:52 UTC] PHP   2. include() /home/ubuntu/workspace/NS4/NodeStar/src/index.php:1
